<?xml version="1.0" encoding="UTF-8"?>
<testsuite xmlns:xsi="http://www.w3.org/2001/XMLSchema-instance" xsi:noNamespaceSchemaLocation="https://maven.apache.org/surefire/maven-surefire-plugin/xsd/surefire-test-report.xsd" name="com.assignment.celonis.SmokeSuiteTest" time="68.55" tests="7" errors="1" skipped="0" failures="0">
  <properties>
[...]
</properties>
  <testcase name="loginUsingInvalidCredentials" classname="com.assignment.celonis.SmokeSuiteTest" time="10.359">
    <error message="Failed to navigate to https://applications.eu-1.celonis.cloud/. This usually means that a call to the COM method IWebBrowser2::Navigate2() failed. (WARNING: The server did not provide any stacktrace information)&#10;Command duration or timeout: 0 milliseconds&#10;Build info: version: &apos;3.141.59&apos;, revision: &apos;e82be7d358&apos;, time: &apos;2018-11-14T08:17:03&apos;&#10;System info: host: &apos;DESKTOP-8MCF731&apos;, ip: &apos;192.168.0.29&apos;, os.name: &apos;Windows 10&apos;, os.arch: &apos;amd64&apos;, os.version: &apos;10.0&apos;, java.version: &apos;1.8.0_221&apos;&#10;Driver info: org.openqa.selenium.ie.InternetExplorerDriver&#10;Capabilities {browserAttachTimeout: 0, browserName: internet explorer, elementScrollBehavior: 0, enableElementCacheCleanup: true, enablePersistentHover: true, ie.browserCommandLineSwitches: , ie.enableFullPageScreenshot: true, ie.ensureCleanSession: false, ie.fileUploadDialogTimeout: 3000, ie.forceCreateProcessApi: false, ie.forceShellWindowsApi: false, ignoreProtectedModeSettings: true, ignoreZoomSetting: false, initialBrowserUrl: http://localhost:34631/, javascriptEnabled: true, nativeEvents: true, pageLoadStrategy: normal, platform: WINDOWS, platformName: WINDOWS, requireWindowFocus: false, unexpectedAlertBehaviour: dismiss, unhandledPromptBehavior: dismiss, version: 11}&#10;Session ID: 2968a8ca-6a63-4d08-ba01-9b1e4f7410c9" type="org.openqa.selenium.WebDriverException">org.openqa.selenium.WebDriverException: 
Failed to navigate to https://applications.eu-1.celonis.cloud/. This usually means that a call to the COM method IWebBrowser2::Navigate2() failed. (WARNING: The server did not provide any stacktrace information)
Command duration or timeout: 0 milliseconds
Build info: version: '3.141.59', revision: 'e82be7d358', time: '2018-11-14T08:17:03'
System info: host: 'DESKTOP-8MCF731', ip: '192.168.0.29', os.name: 'Windows 10', os.arch: 'amd64', os.version: '10.0', java.version: '1.8.0_221'
Driver info: org.openqa.selenium.ie.InternetExplorerDriver
Capabilities {browserAttachTimeout: 0, browserName: internet explorer, elementScrollBehavior: 0, enableElementCacheCleanup: true, enablePersistentHover: true, ie.browserCommandLineSwitches: , ie.enableFullPageScreenshot: true, ie.ensureCleanSession: false, ie.fileUploadDialogTimeout: 3000, ie.forceCreateProcessApi: false, ie.forceShellWindowsApi: false, ignoreProtectedModeSettings: true, ignoreZoomSetting: false, initialBrowserUrl: http://localhost:34631/, javascriptEnabled: true, nativeEvents: true, pageLoadStrategy: normal, platform: WINDOWS, platformName: WINDOWS, requireWindowFocus: false, unexpectedAlertBehaviour: dismiss, unhandledPromptBehavior: dismiss, version: 11}
Session ID: 2968a8ca-6a63-4d08-ba01-9b1e4f7410c9
</error>
    <system-err><![CDATA[Started InternetExplorerDriver server (32-bit)
3.3.0.0
Listening on port 34631
Only local connections are allowed
Nov 04, 2019 10:38:39 PM org.openqa.selenium.remote.ProtocolHandshake createSession
INFO: Detected dialect: OSS
]]></system-err>
  </testcase>
  <testcase name="checkIfOrderToCashPageLoads" classname="com.assignment.celonis.SmokeSuiteTest" time="14.367"/>
  <testcase name="checkIfForgotPasswordPageLoads" classname="com.assignment.celonis.SmokeSuiteTest" time="3.43"/>
  <testcase name="checkIfPurchaseToPayPageLoads" classname="com.assignment.celonis.SmokeSuiteTest" time="12.821"/>
  <testcase name="successfulLogin" classname="com.assignment.celonis.SmokeSuiteTest" time="7.179"/>
  <testcase name="checkIfServiceNowTicketingPageLoads" classname="com.assignment.celonis.SmokeSuiteTest" time="11.448"/>
  <testcase name="signOut" classname="com.assignment.celonis.SmokeSuiteTest" time="8.939"/>
</testsuite>