<?xml version="1.0" encoding="UTF-8"?>
<testsuite xmlns:xsi="http://www.w3.org/2001/XMLSchema-instance" xsi:noNamespaceSchemaLocation="https://maven.apache.org/surefire/maven-surefire-plugin/xsd/surefire-test-report.xsd" name="com.assignment.celonis.SmokeSuiteTest" time="203.751" tests="9" errors="0" skipped="0" failures="0">
  <properties>
[...]
</properties>
  <testcase name="loginUsingInvalidCredentials" classname="com.assignment.celonis.SmokeSuiteTest" time="19.451"/>
  <testcase name="checkIfOrderToCashPageLoads" classname="com.assignment.celonis.SmokeSuiteTest" time="28.37"/>
  <testcase name="executeInvalidGlobalSearch" classname="com.assignment.celonis.SmokeSuiteTest" time="24.235"/>
  <testcase name="checkIfForgotPasswordPageLoads" classname="com.assignment.celonis.SmokeSuiteTest" time="17.552"/>
  <testcase name="executeValidGlobalSearch" classname="com.assignment.celonis.SmokeSuiteTest" time="20.441"/>
  <testcase name="checkIfPurchaseToPayPageLoads" classname="com.assignment.celonis.SmokeSuiteTest" time="29.005"/>
  <testcase name="successfulLogin" classname="com.assignment.celonis.SmokeSuiteTest" time="23.009"/>
  <testcase name="checkIfServiceNowTicketingPageLoads" classname="com.assignment.celonis.SmokeSuiteTest" time="23.063"/>
  <testcase name="signOut" classname="com.assignment.celonis.SmokeSuiteTest" time="18.556"/>
</testsuite>